[2020-11-15T10:00:18.093350+00:00] General.ERROR: Exception  
[2020-11-15T10:00:18.093858+00:00] General.ERROR: Archivo: D:\laragon\www\WebER\app\Models\AbstractDBConnection.php  
[2020-11-15T10:00:18.094027+00:00] General.ERROR: Line: 141  
[2020-11-15T10:00:18.094181+00:00] General.ERROR: Mensaje: SQLSTATE[HY000]: General error: 1366 Incorrect string value: '\xE3\xADcula...' for column 'nombre' at row 1  
[2020-11-15T10:00:18.094348+00:00] General.ERROR: Array
(
    [0] => Array
        (
            [file] => D:\laragon\www\WebER\app\Models\AbstractDBConnection.php
            [line] => 141
            [function] => execute
            [class] => PDOStatement
            [type] => ->
            [args] => Array
                (
                )

        )

    [1] => Array
        (
            [file] => D:\laragon\www\WebER\app\Models\Productos.php
            [line] => 232
            [function] => insertRow
            [class] => App\Models\AbstractDBConnection
            [type] => ->
            [args] => Array
                (
                    [0] => UPDATE weber.productos SET 
            nombre = :nombre, precio = :precio, porcentaje_ganancia = :porcentaje_ganancia, 
            stock = :stock, categoria_id = :categoria_id, estado = :estado, created_at = :created_at, 
            updated_at = :updated_at WHERE id = :id
                    [1] => Array
                        (
                            [:id] => 1
                            [:nombre] => Pelã­culas
                            [:precio] => 4500
                            [:porcentaje_ganancia] => 20
                            [:stock] => 20
                            [:categoria_id] => 2
                            [:estado] => Activo
                            [:created_at] => 2020-11-15 10:00:18
                            [:updated_at] => 2020-11-15 10:00:18
                        )

                )

        )

    [2] => Array
        (
            [file] => D:\laragon\www\WebER\app\Models\Productos.php
            [line] => 255
            [function] => save
            [class] => App\Models\Productos
            [type] => ->
            [args] => Array
                (
                    [0] => UPDATE weber.productos SET 
            nombre = :nombre, precio = :precio, porcentaje_ganancia = :porcentaje_ganancia, 
            stock = :stock, categoria_id = :categoria_id, estado = :estado, created_at = :created_at, 
            updated_at = :updated_at WHERE id = :id
                )

        )

    [3] => Array
        (
            [file] => D:\laragon\www\WebER\app\Controllers\ProductosController.php
            [line] => 46
            [function] => update
            [class] => App\Models\Productos
            [type] => ->
            [args] => Array
                (
                )

        )

    [4] => Array
        (
            [file] => D:\laragon\www\WebER\app\Controllers\MainController.php
            [line] => 28
            [function] => edit
            [class] => App\Controllers\ProductosController
            [type] => ->
            [args] => Array
                (
                )

        )

)
  
[2020-11-15T10:00:35.746382+00:00] General.ERROR: Exception  
[2020-11-15T10:00:35.746734+00:00] General.ERROR: Archivo: D:\laragon\www\WebER\app\Models\AbstractDBConnection.php  
[2020-11-15T10:00:35.746900+00:00] General.ERROR: Line: 141  
[2020-11-15T10:00:35.747053+00:00] General.ERROR: Mensaje: SQLSTATE[HY000]: General error: 1366 Incorrect string value: '\xE3\xADcula...' for column 'nombre' at row 1  
[2020-11-15T10:00:35.747217+00:00] General.ERROR: Array
(
    [0] => Array
        (
            [file] => D:\laragon\www\WebER\app\Models\AbstractDBConnection.php
            [line] => 141
            [function] => execute
            [class] => PDOStatement
            [type] => ->
            [args] => Array
                (
                )

        )

    [1] => Array
        (
            [file] => D:\laragon\www\WebER\app\Models\Productos.php
            [line] => 232
            [function] => insertRow
            [class] => App\Models\AbstractDBConnection
            [type] => ->
            [args] => Array
                (
                    [0] => UPDATE weber.productos SET 
            nombre = :nombre, precio = :precio, porcentaje_ganancia = :porcentaje_ganancia, 
            stock = :stock, categoria_id = :categoria_id, estado = :estado, created_at = :created_at, 
            updated_at = :updated_at WHERE id = :id
                    [1] => Array
                        (
                            [:id] => 1
                            [:nombre] => Pelã­culas
                            [:precio] => 4500
                            [:porcentaje_ganancia] => 30
                            [:stock] => 20
                            [:categoria_id] => 2
                            [:estado] => Activo
                            [:created_at] => 2020-11-15 10:00:35
                            [:updated_at] => 2020-11-15 10:00:35
                        )

                )

        )

    [2] => Array
        (
            [file] => D:\laragon\www\WebER\app\Models\Productos.php
            [line] => 255
            [function] => save
            [class] => App\Models\Productos
            [type] => ->
            [args] => Array
                (
                    [0] => UPDATE weber.productos SET 
            nombre = :nombre, precio = :precio, porcentaje_ganancia = :porcentaje_ganancia, 
            stock = :stock, categoria_id = :categoria_id, estado = :estado, created_at = :created_at, 
            updated_at = :updated_at WHERE id = :id
                )

        )

    [3] => Array
        (
            [file] => D:\laragon\www\WebER\app\Controllers\ProductosController.php
            [line] => 46
            [function] => update
            [class] => App\Models\Productos
            [type] => ->
            [args] => Array
                (
                )

        )

    [4] => Array
        (
            [file] => D:\laragon\www\WebER\app\Controllers\MainController.php
            [line] => 28
            [function] => edit
            [class] => App\Controllers\ProductosController
            [type] => ->
            [args] => Array
                (
                )

        )

)
  
[2020-11-15T10:07:14.867011+00:00] General.ERROR: Exception  
[2020-11-15T10:07:14.867408+00:00] General.ERROR: Archivo: D:\laragon\www\WebER\app\Models\AbstractDBConnection.php  
[2020-11-15T10:07:14.867547+00:00] General.ERROR: Line: 141  
[2020-11-15T10:07:14.867677+00:00] General.ERROR: Mensaje: SQLSTATE[HY000]: General error: 1366 Incorrect string value: '\xE3\xADcula...' for column 'nombre' at row 1  
[2020-11-15T10:07:14.867818+00:00] General.ERROR: Array
(
    [0] => Array
        (
            [file] => D:\laragon\www\WebER\app\Models\AbstractDBConnection.php
            [line] => 141
            [function] => execute
            [class] => PDOStatement
            [type] => ->
            [args] => Array
                (
                )

        )

    [1] => Array
        (
            [file] => D:\laragon\www\WebER\app\Models\Productos.php
            [line] => 233
            [function] => insertRow
            [class] => App\Models\AbstractDBConnection
            [type] => ->
            [args] => Array
                (
                    [0] => UPDATE weber.productos SET 
            nombre = :nombre, precio = :precio, porcentaje_ganancia = :porcentaje_ganancia, 
            stock = :stock, categoria_id = :categoria_id, estado = :estado, created_at = :created_at, 
            updated_at = :updated_at WHERE id = :id
                    [1] => Array
                        (
                            [:id] => 1
                            [:nombre] => Pelã­culas
                            [:precio] => 4500
                            [:porcentaje_ganancia] => 20
                            [:stock] => 20
                            [:categoria_id] => 3
                            [:estado] => Inactivo
                            [:created_at] => 2020-11-15 10:07:14
                            [:updated_at] => 2020-11-15 10:07:14
                        )

                )

        )

    [2] => Array
        (
            [file] => D:\laragon\www\WebER\app\Models\Productos.php
            [line] => 258
            [function] => save
            [class] => App\Models\Productos
            [type] => ->
            [args] => Array
                (
                    [0] => UPDATE weber.productos SET 
            nombre = :nombre, precio = :precio, porcentaje_ganancia = :porcentaje_ganancia, 
            stock = :stock, categoria_id = :categoria_id, estado = :estado, created_at = :created_at, 
            updated_at = :updated_at WHERE id = :id
                )

        )

    [3] => Array
        (
            [file] => D:\laragon\www\WebER\app\Controllers\ProductosController.php
            [line] => 46
            [function] => update
            [class] => App\Models\Productos
            [type] => ->
            [args] => Array
                (
                )

        )

    [4] => Array
        (
            [file] => D:\laragon\www\WebER\app\Controllers\MainController.php
            [line] => 28
            [function] => edit
            [class] => App\Controllers\ProductosController
            [type] => ->
            [args] => Array
                (
                )

        )

)
  
[2020-11-15T10:09:47.434152+00:00] General.ERROR: Exception  
[2020-11-15T10:09:47.434554+00:00] General.ERROR: Archivo: D:\laragon\www\WebER\app\Models\AbstractDBConnection.php  
[2020-11-15T10:09:47.434695+00:00] General.ERROR: Line: 141  
[2020-11-15T10:09:47.434829+00:00] General.ERROR: Mensaje: SQLSTATE[HY000]: General error: 1366 Incorrect string value: '\xE3\xADcula...' for column 'nombre' at row 1  
[2020-11-15T10:09:47.434970+00:00] General.ERROR: Array
(
    [0] => Array
        (
            [file] => D:\laragon\www\WebER\app\Models\AbstractDBConnection.php
            [line] => 141
            [function] => execute
            [class] => PDOStatement
            [type] => ->
            [args] => Array
                (
                )

        )

    [1] => Array
        (
            [file] => D:\laragon\www\WebER\app\Models\Productos.php
            [line] => 233
            [function] => insertRow
            [class] => App\Models\AbstractDBConnection
            [type] => ->
            [args] => Array
                (
                    [0] => UPDATE weber.productos SET 
            nombre = :nombre, precio = :precio, porcentaje_ganancia = :porcentaje_ganancia, 
            stock = :stock, categoria_id = :categoria_id, estado = :estado, created_at = :created_at, 
            updated_at = :updated_at WHERE id = :id
                    [1] => Array
                        (
                            [:id] => 1
                            [:nombre] => Pelã­culas
                            [:precio] => 4500
                            [:porcentaje_ganancia] => 20
                            [:stock] => 20
                            [:categoria_id] => 3
                            [:estado] => Inactivo
                            [:created_at] => 2020-11-15 10:09:47
                            [:updated_at] => 2020-11-15 10:09:47
                        )

                )

        )

    [2] => Array
        (
            [file] => D:\laragon\www\WebER\app\Models\Productos.php
            [line] => 258
            [function] => save
            [class] => App\Models\Productos
            [type] => ->
            [args] => Array
                (
                    [0] => UPDATE weber.productos SET 
            nombre = :nombre, precio = :precio, porcentaje_ganancia = :porcentaje_ganancia, 
            stock = :stock, categoria_id = :categoria_id, estado = :estado, created_at = :created_at, 
            updated_at = :updated_at WHERE id = :id
                )

        )

    [3] => Array
        (
            [file] => D:\laragon\www\WebER\app\Controllers\ProductosController.php
            [line] => 46
            [function] => update
            [class] => App\Models\Productos
            [type] => ->
            [args] => Array
                (
                )

        )

    [4] => Array
        (
            [file] => D:\laragon\www\WebER\app\Controllers\MainController.php
            [line] => 28
            [function] => edit
            [class] => App\Controllers\ProductosController
            [type] => ->
            [args] => Array
                (
                )

        )

)
  
[2020-11-15T10:13:43.353275+00:00] General.ERROR: Exception  
[2020-11-15T10:13:43.353724+00:00] General.ERROR: Archivo: D:\laragon\www\WebER\app\Models\AbstractDBConnection.php  
[2020-11-15T10:13:43.353869+00:00] General.ERROR: Line: 141  
[2020-11-15T10:13:43.354007+00:00] General.ERROR: Mensaje: SQLSTATE[HY000]: General error: 1366 Incorrect string value: '\xE3\xADcula...' for column 'nombre' at row 1  
[2020-11-15T10:13:43.354161+00:00] General.ERROR: Array
(
    [0] => Array
        (
            [file] => D:\laragon\www\WebER\app\Models\AbstractDBConnection.php
            [line] => 141
            [function] => execute
            [class] => PDOStatement
            [type] => ->
            [args] => Array
                (
                )

        )

    [1] => Array
        (
            [file] => D:\laragon\www\WebER\app\Models\Productos.php
            [line] => 233
            [function] => insertRow
            [class] => App\Models\AbstractDBConnection
            [type] => ->
            [args] => Array
                (
                    [0] => UPDATE weber.productos SET 
            nombre = :nombre, precio = :precio, porcentaje_ganancia = :porcentaje_ganancia, 
            stock = :stock, categoria_id = :categoria_id, estado = :estado, created_at = :created_at, 
            updated_at = :updated_at WHERE id = :id
                    [1] => Array
                        (
                            [:id] => 1
                            [:nombre] => Pelã­culas
                            [:precio] => 4500
                            [:porcentaje_ganancia] => 20
                            [:stock] => 20
                            [:categoria_id] => 3
                            [:estado] => Inactivo
                            [:created_at] => 2020-11-15 10:13:43
                            [:updated_at] => 2020-11-15 10:13:43
                        )

                )

        )

    [2] => Array
        (
            [file] => D:\laragon\www\WebER\app\Models\Productos.php
            [line] => 258
            [function] => save
            [class] => App\Models\Productos
            [type] => ->
            [args] => Array
                (
                    [0] => UPDATE weber.productos SET 
            nombre = :nombre, precio = :precio, porcentaje_ganancia = :porcentaje_ganancia, 
            stock = :stock, categoria_id = :categoria_id, estado = :estado, created_at = :created_at, 
            updated_at = :updated_at WHERE id = :id
                )

        )

    [3] => Array
        (
            [file] => D:\laragon\www\WebER\app\Controllers\ProductosController.php
            [line] => 47
            [function] => update
            [class] => App\Models\Productos
            [type] => ->
            [args] => Array
                (
                )

        )

    [4] => Array
        (
            [file] => D:\laragon\www\WebER\app\Controllers\MainController.php
            [line] => 28
            [function] => edit
            [class] => App\Controllers\ProductosController
            [type] => ->
            [args] => Array
                (
                )

        )

)
  
[2020-11-15T10:15:58.552931+00:00] General.ERROR: Exception  
[2020-11-15T10:15:58.553379+00:00] General.ERROR: Archivo: D:\laragon\www\WebER\app\Models\AbstractDBConnection.php  
[2020-11-15T10:15:58.553540+00:00] General.ERROR: Line: 141  
[2020-11-15T10:15:58.553692+00:00] General.ERROR: Mensaje: SQLSTATE[HY000]: General error: 1366 Incorrect string value: '\xE3\xADcula...' for column 'nombre' at row 1  
[2020-11-15T10:15:58.553854+00:00] General.ERROR: Array
(
    [0] => Array
        (
            [file] => D:\laragon\www\WebER\app\Models\AbstractDBConnection.php
            [line] => 141
            [function] => execute
            [class] => PDOStatement
            [type] => ->
            [args] => Array
                (
                )

        )

    [1] => Array
        (
            [file] => D:\laragon\www\WebER\app\Models\Productos.php
            [line] => 233
            [function] => insertRow
            [class] => App\Models\AbstractDBConnection
            [type] => ->
            [args] => Array
                (
                    [0] => UPDATE weber.productos SET 
            nombre = :nombre, precio = :precio, porcentaje_ganancia = :porcentaje_ganancia, 
            stock = :stock, categoria_id = :categoria_id, estado = :estado, created_at = :created_at, 
            updated_at = :updated_at WHERE id = :id
                    [1] => Array
                        (
                            [:id] => 1
                            [:nombre] => Pelã­culas
                            [:precio] => 4500
                            [:porcentaje_ganancia] => 20
                            [:stock] => 20
                            [:categoria_id] => 3
                            [:estado] => Inactivo
                            [:created_at] => 2020-11-15 10:15:58
                            [:updated_at] => 2020-11-15 10:15:58
                        )

                )

        )

    [2] => Array
        (
            [file] => D:\laragon\www\WebER\app\Models\Productos.php
            [line] => 258
            [function] => save
            [class] => App\Models\Productos
            [type] => ->
            [args] => Array
                (
                    [0] => UPDATE weber.productos SET 
            nombre = :nombre, precio = :precio, porcentaje_ganancia = :porcentaje_ganancia, 
            stock = :stock, categoria_id = :categoria_id, estado = :estado, created_at = :created_at, 
            updated_at = :updated_at WHERE id = :id
                )

        )

    [3] => Array
        (
            [file] => D:\laragon\www\WebER\app\Controllers\ProductosController.php
            [line] => 46
            [function] => update
            [class] => App\Models\Productos
            [type] => ->
            [args] => Array
                (
                )

        )

    [4] => Array
        (
            [file] => D:\laragon\www\WebER\app\Controllers\MainController.php
            [line] => 28
            [function] => edit
            [class] => App\Controllers\ProductosController
            [type] => ->
            [args] => Array
                (
                )

        )

)
  
